0 info it worked if it ends with ok
1 verbose cli [ '/home/krishna/.nvm/versions/node/v5.1.0/bin/node',
1 verbose cli   '/home/krishna/.nvm/versions/node/v5.1.0/bin/npm',
1 verbose cli   'start' ]
2 info using npm@3.3.12
3 info using node@v5.1.0
4 verbose stack Error: ENOENT: no such file or directory, open '/media/krishna/misc/ub/fall15/ir/projects/quaerere/quaarere-ui/package.json'
4 verbose stack     at Error (native)
5 verbose cwd /media/krishna/misc/ub/fall15/ir/projects/quaerere/quaarere-ui
6 error Linux 3.19.0-33-generic
7 error argv "/home/krishna/.nvm/versions/node/v5.1.0/bin/node" "/home/krishna/.nvm/versions/node/v5.1.0/bin/npm" "start"
8 error node v5.1.0
9 error npm  v3.3.12
10 error path /media/krishna/misc/ub/fall15/ir/projects/quaerere/quaarere-ui/package.json
11 error code ENOENT
12 error errno -2
13 error syscall open
14 error enoent ENOENT: no such file or directory, open '/media/krishna/misc/ub/fall15/ir/projects/quaerere/quaarere-ui/package.json'
14 error enoent This is most likely not a problem with npm itself
14 error enoent and is related to npm not being able to find a file.
15 verbose exit [ -2, true ]
